BAR192558.png
BRA101548.png
BRA371156.png
BRE229498.png
CAM375235.png
CAS541133.png
CLE075538.png
COU709400.png
CUT288111.png
DAL659900.png
DAN230354.png
FIT792915.png
FLA009602.png
FLY487098.png
FOL058566.png
FRE183259.png
GAB221145.png
GLE711694.png
GRI283140.png
HAS536799.png
HEN507580.png
HOY440791.png
JAC566507.png
KAE371576.png
KEE690598.png
LEW733214.png
LOC066933.png
LUC524055.png
MAN473170.png
MAN515097.png
MAN738705.png
MCC600777.png
MCC600925.png
MCC603149.png
MCG491502.png
MOO551757.png
NEW693984.png
ORT716150.png
OSW479182.png
PAI701900.png
PAL249055.png
PON404041.png
PRY474541.png
RIV651634.png
ROD339293.png
ROE750381.png
ROM787981.png
RYA238179.png
SCH085186.png
SIM341997.png
SMI031126.png
SMI269700.png
STA134157.png
TAN298716.png
TAY764868.png
TOL825549.png
TUE385627.png
VIC311467.png
WAL501121.png
WEE221487.png
WIL000005.png
WIL777781.png
YAT420091.png
